<?xml version="1.0" encoding="UTF-8"?>
<robot generator="Robot 7.3.2 (Python 3.11.0 on win32)" generated="2025-09-16T01:20:33.853793" rpa="false" schemaversion="5">
<suite id="s1" name="Lab10Test" source="C:\Github\226-7-CP353201-LAB10\Lab10Test.robot">
<test id="s1-t1" name="Register Success:" line="25">
<kw name="Open Chrome">
<kw name="Evaluate" owner="BuiltIn">
<msg time="2025-09-16T01:20:34.067905" level="INFO">${opts} = &lt;selenium.webdriver.chrome.options.Options object at 0x000002659519C5D0&gt;</msg>
<var>${opts}</var>
<arg>sys.modules['selenium.webdriver'].ChromeOptions()</arg>
<arg>sys</arg>
<doc>Evaluates the given expression in Python and returns the result.</doc>
<status status="PASS" start="2025-09-16T01:20:34.067905" elapsed="0.000000"/>
</kw>
<kw name="Evaluate" owner="BuiltIn">
<msg time="2025-09-16T01:20:34.069412" level="INFO">${svc} = &lt;selenium.webdriver.chrome.service.Service object at 0x000002659519CE10&gt;</msg>
<var>${svc}</var>
<arg>sys.modules["selenium.webdriver.chrome.service"].Service(executable_path=r"${CHROME_DRIVER_PATH}")</arg>
<doc>Evaluates the given expression in Python and returns the result.</doc>
<status status="PASS" start="2025-09-16T01:20:34.067905" elapsed="0.001507"/>
</kw>
<kw name="Create Webdriver" owner="SeleniumLibrary">
<msg time="2025-09-16T01:20:34.069412" level="INFO">Creating an instance of the Chrome WebDriver.</msg>
<arg>Chrome</arg>
<arg>options=${opts}</arg>
<arg>service=${svc}</arg>
<doc>Creates an instance of Selenium WebDriver.</doc>
<status status="PASS" start="2025-09-16T01:20:34.069412" elapsed="1.121318"/>
</kw>
<kw name="Set Selenium Speed" owner="SeleniumLibrary">
<arg>0</arg>
<doc>Sets the delay that is waited after each Selenium command.</doc>
<status status="PASS" start="2025-09-16T01:20:35.190730" elapsed="0.000000"/>
</kw>
<status status="PASS" start="2025-09-16T01:20:34.067905" elapsed="1.123828"/>
</kw>
<kw name="Go To" owner="SeleniumLibrary">
<msg time="2025-09-16T01:20:35.191733" level="INFO">Opening url 'http://127.0.0.1:5500/Registration.html'</msg>
<arg>${REG_URL}</arg>
<doc>Navigates the current browser window to the provided ``url``.</doc>
<status status="PASS" start="2025-09-16T01:20:35.191733" elapsed="0.083712"/>
</kw>
<kw name="Input Text" owner="SeleniumLibrary">
<msg time="2025-09-16T01:20:35.276444" level="INFO">Typing text 'Somsri' into text field 'id=firstname'.</msg>
<arg>id=firstname</arg>
<arg>${FIRST_NAME}</arg>
<doc>Types the given ``text`` into the text field identified by ``locator``.</doc>
<status status="PASS" start="2025-09-16T01:20:35.275445" elapsed="0.109445"/>
</kw>
<kw name="Input Text" owner="SeleniumLibrary">
<msg time="2025-09-16T01:20:35.384890" level="INFO">Typing text 'Sodsai' into text field 'id=lastname'.</msg>
<arg>id=lastname</arg>
<arg>${LAST_NAME}</arg>
<doc>Types the given ``text`` into the text field identified by ``locator``.</doc>
<status status="PASS" start="2025-09-16T01:20:35.384890" elapsed="0.126587"/>
</kw>
<kw name="Input Text" owner="SeleniumLibrary">
<msg time="2025-09-16T01:20:35.511477" level="INFO">Typing text 'CS KKU' into text field 'id=organization'.</msg>
<arg>id=organization</arg>
<arg>${ORG}</arg>
<doc>Types the given ``text`` into the text field identified by ``locator``.</doc>
<status status="PASS" start="2025-09-16T01:20:35.511477" elapsed="0.101529"/>
</kw>
<kw name="Input Text" owner="SeleniumLibrary">
<msg time="2025-09-16T01:20:35.614016" level="INFO">Typing text 'somsri@kkumail.com' into text field 'id=email'.</msg>
<arg>id=email</arg>
<arg>${EMAIL}</arg>
<doc>Types the given ``text`` into the text field identified by ``locator``.</doc>
<status status="PASS" start="2025-09-16T01:20:35.614016" elapsed="0.069801"/>
</kw>
<kw name="Input Text" owner="SeleniumLibrary">
<msg time="2025-09-16T01:20:35.684820" level="INFO">Typing text '081-001-1234' into text field 'id=phone'.</msg>
<arg>id=phone</arg>
<arg>${PHONE}</arg>
<doc>Types the given ``text`` into the text field identified by ``locator``.</doc>
<status status="PASS" start="2025-09-16T01:20:35.683817" elapsed="0.097324"/>
</kw>
<kw name="Click Button" owner="SeleniumLibrary">
<msg time="2025-09-16T01:20:35.782141" level="INFO">Clicking button 'id=registerButton'.</msg>
<arg>id=registerButton</arg>
<doc>Clicks the button identified by ``locator``.</doc>
<status status="PASS" start="2025-09-16T01:20:35.781141" elapsed="0.119379"/>
</kw>
<kw name="Wait Until Page Contains" owner="SeleniumLibrary">
<arg>Success</arg>
<arg>3s</arg>
<doc>Waits until ``text`` appears on the current page.</doc>
<status status="PASS" start="2025-09-16T01:20:35.900520" elapsed="0.015560"/>
</kw>
<kw name="Get Title" owner="SeleniumLibrary">
<msg time="2025-09-16T01:20:35.927122" level="INFO">${title} = Success</msg>
<var>${title}</var>
<doc>Returns the title of the current page.</doc>
<status status="PASS" start="2025-09-16T01:20:35.917080" elapsed="0.010042"/>
</kw>
<kw name="Should Be Equal" owner="BuiltIn">
<arg>${title}</arg>
<arg>Success</arg>
<doc>Fails if the given objects are unequal.</doc>
<status status="PASS" start="2025-09-16T01:20:35.928115" elapsed="0.000000"/>
</kw>
<status status="PASS" start="2025-09-16T01:20:34.067009" elapsed="1.862121"/>
</test>
<test id="s1-t2" name="Register Success No Organization Info:" line="41">
<kw name="Open Chrome">
<kw name="Evaluate" owner="BuiltIn">
<msg time="2025-09-16T01:20:35.931630" level="INFO">${opts} = &lt;selenium.webdriver.chrome.options.Options object at 0x00000265951AC350&gt;</msg>
<var>${opts}</var>
<arg>sys.modules['selenium.webdriver'].ChromeOptions()</arg>
<arg>sys</arg>
<doc>Evaluates the given expression in Python and returns the result.</doc>
<status status="PASS" start="2025-09-16T01:20:35.931630" elapsed="0.000000"/>
</kw>
<kw name="Evaluate" owner="BuiltIn">
<msg time="2025-09-16T01:20:35.932630" level="INFO">${svc} = &lt;selenium.webdriver.chrome.service.Service object at 0x00000265951C3810&gt;</msg>
<var>${svc}</var>
<arg>sys.modules["selenium.webdriver.chrome.service"].Service(executable_path=r"${CHROME_DRIVER_PATH}")</arg>
<doc>Evaluates the given expression in Python and returns the result.</doc>
<status status="PASS" start="2025-09-16T01:20:35.931630" elapsed="0.001000"/>
</kw>
<kw name="Create Webdriver" owner="SeleniumLibrary">
<msg time="2025-09-16T01:20:35.933634" level="INFO">Creating an instance of the Chrome WebDriver.</msg>
<arg>Chrome</arg>
<arg>options=${opts}</arg>
<arg>service=${svc}</arg>
<doc>Creates an instance of Selenium WebDriver.</doc>
<status status="PASS" start="2025-09-16T01:20:35.932630" elapsed="1.111874"/>
</kw>
<kw name="Set Selenium Speed" owner="SeleniumLibrary">
<arg>0</arg>
<doc>Sets the delay that is waited after each Selenium command.</doc>
<status status="PASS" start="2025-09-16T01:20:37.045499" elapsed="0.000000"/>
</kw>
<status status="PASS" start="2025-09-16T01:20:35.930623" elapsed="1.114876"/>
</kw>
<kw name="Go To" owner="SeleniumLibrary">
<msg time="2025-09-16T01:20:37.045499" level="INFO">Opening url 'http://127.0.0.1:5500/Registration.html'</msg>
<arg>${REG_URL}</arg>
<doc>Navigates the current browser window to the provided ``url``.</doc>
<status status="PASS" start="2025-09-16T01:20:37.045499" elapsed="0.071628"/>
</kw>
<kw name="Input Text" owner="SeleniumLibrary">
<msg time="2025-09-16T01:20:37.118130" level="INFO">Typing text 'Somsri' into text field 'id=firstname'.</msg>
<arg>id=firstname</arg>
<arg>${FIRST_NAME}</arg>
<doc>Types the given ``text`` into the text field identified by ``locator``.</doc>
<status status="PASS" start="2025-09-16T01:20:37.117127" elapsed="0.114211"/>
</kw>
<kw name="Input Text" owner="SeleniumLibrary">
<msg time="2025-09-16T01:20:37.232339" level="INFO">Typing text 'Sodsai' into text field 'id=lastname'.</msg>
<arg>id=lastname</arg>
<arg>${LAST_NAME}</arg>
<doc>Types the given ``text`` into the text field identified by ``locator``.</doc>
<status status="PASS" start="2025-09-16T01:20:37.231338" elapsed="0.152354"/>
</kw>
<kw name="Input Text" owner="SeleniumLibrary">
<msg time="2025-09-16T01:20:37.384689" level="INFO">Typing text 'somsri@kkumail.com' into text field 'id=email'.</msg>
<arg>id=email</arg>
<arg>${EMAIL}</arg>
<doc>Types the given ``text`` into the text field identified by ``locator``.</doc>
<status status="PASS" start="2025-09-16T01:20:37.384689" elapsed="0.092968"/>
</kw>
<kw name="Input Text" owner="SeleniumLibrary">
<msg time="2025-09-16T01:20:37.479166" level="INFO">Typing text '081-001-1234' into text field 'id=phone'.</msg>
<arg>id=phone</arg>
<arg>${PHONE}</arg>
<doc>Types the given ``text`` into the text field identified by ``locator``.</doc>
<status status="PASS" start="2025-09-16T01:20:37.477657" elapsed="0.066815"/>
</kw>
<kw name="Click Button" owner="SeleniumLibrary">
<msg time="2025-09-16T01:20:37.545473" level="INFO">Clicking button 'id=registerButton'.</msg>
<arg>id=registerButton</arg>
<doc>Clicks the button identified by ``locator``.</doc>
<status status="PASS" start="2025-09-16T01:20:37.544472" elapsed="0.133261"/>
</kw>
<kw name="Wait Until Page Contains" owner="SeleniumLibrary">
<arg>Success</arg>
<arg>3s</arg>
<doc>Waits until ``text`` appears on the current page.</doc>
<status status="PASS" start="2025-09-16T01:20:37.677733" elapsed="0.016275"/>
</kw>
<kw name="Get Title" owner="SeleniumLibrary">
<msg time="2025-09-16T01:20:37.699037" level="INFO">${title} = Success</msg>
<var>${title}</var>
<doc>Returns the title of the current page.</doc>
<status status="PASS" start="2025-09-16T01:20:37.694519" elapsed="0.004518"/>
</kw>
<kw name="Should Be Equal" owner="BuiltIn">
<arg>${title}</arg>
<arg>Success</arg>
<doc>Fails if the given objects are unequal.</doc>
<status status="PASS" start="2025-09-16T01:20:37.699037" elapsed="0.000000"/>
</kw>
<status status="PASS" start="2025-09-16T01:20:35.930623" elapsed="1.768414"/>
</test>
<test id="s1-t3" name="Empty First Name:" line="56">
<kw name="Open Chrome">
<kw name="Evaluate" owner="BuiltIn">
<msg time="2025-09-16T01:20:37.701562" level="INFO">${opts} = &lt;selenium.webdriver.chrome.options.Options object at 0x00000265951C77D0&gt;</msg>
<var>${opts}</var>
<arg>sys.modules['selenium.webdriver'].ChromeOptions()</arg>
<arg>sys</arg>
<doc>Evaluates the given expression in Python and returns the result.</doc>
<status status="PASS" start="2025-09-16T01:20:37.700551" elapsed="0.001011"/>
</kw>
<kw name="Evaluate" owner="BuiltIn">
<msg time="2025-09-16T01:20:37.701562" level="INFO">${svc} = &lt;selenium.webdriver.chrome.service.Service object at 0x00000265951C5AD0&gt;</msg>
<var>${svc}</var>
<arg>sys.modules["selenium.webdriver.chrome.service"].Service(executable_path=r"${CHROME_DRIVER_PATH}")</arg>
<doc>Evaluates the given expression in Python and returns the result.</doc>
<status status="PASS" start="2025-09-16T01:20:37.701562" elapsed="0.000000"/>
</kw>
<kw name="Create Webdriver" owner="SeleniumLibrary">
<msg time="2025-09-16T01:20:37.702561" level="INFO">Creating an instance of the Chrome WebDriver.</msg>
<arg>Chrome</arg>
<arg>options=${opts}</arg>
<arg>service=${svc}</arg>
<doc>Creates an instance of Selenium WebDriver.</doc>
<status status="PASS" start="2025-09-16T01:20:37.702561" elapsed="1.120616"/>
</kw>
<kw name="Set Selenium Speed" owner="SeleniumLibrary">
<arg>0</arg>
<doc>Sets the delay that is waited after each Selenium command.</doc>
<status status="PASS" start="2025-09-16T01:20:38.823177" elapsed="0.000000"/>
</kw>
<status status="PASS" start="2025-09-16T01:20:37.700551" elapsed="1.123624"/>
</kw>
<kw name="Go To" owner="SeleniumLibrary">
<msg time="2025-09-16T01:20:38.824175" level="INFO">Opening url 'http://127.0.0.1:5500/Registration.html'</msg>
<arg>${REG_URL}</arg>
<doc>Navigates the current browser window to the provided ``url``.</doc>
<status status="PASS" start="2025-09-16T01:20:38.824175" elapsed="0.094281"/>
</kw>
<kw name="Input Text" owner="SeleniumLibrary">
<msg time="2025-09-16T01:20:38.919454" level="INFO">Typing text 'Sodsai' into text field 'id=lastname'.</msg>
<arg>id=lastname</arg>
<arg>${LAST_NAME}</arg>
<doc>Types the given ``text`` into the text field identified by ``locator``.</doc>
<status status="PASS" start="2025-09-16T01:20:38.918456" elapsed="0.114133"/>
</kw>
<kw name="Input Text" owner="SeleniumLibrary">
<msg time="2025-09-16T01:20:39.033161" level="INFO">Typing text 'CS KKU' into text field 'id=organization'.</msg>
<arg>id=organization</arg>
<arg>${ORG}</arg>
<doc>Types the given ``text`` into the text field identified by ``locator``.</doc>
<status status="PASS" start="2025-09-16T01:20:39.033161" elapsed="0.145935"/>
</kw>
<kw name="Input Text" owner="SeleniumLibrary">
<msg time="2025-09-16T01:20:39.180605" level="INFO">Typing text 'somsri@kkumail.com' into text field 'id=email'.</msg>
<arg>id=email</arg>
<arg>${EMAIL}</arg>
<doc>Types the given ``text`` into the text field identified by ``locator``.</doc>
<status status="PASS" start="2025-09-16T01:20:39.180605" elapsed="0.150030"/>
</kw>
<kw name="Input Text" owner="SeleniumLibrary">
<msg time="2025-09-16T01:20:39.331645" level="INFO">Typing text '081-001-1234' into text field 'id=phone'.</msg>
<arg>id=phone</arg>
<arg>${PHONE}</arg>
<doc>Types the given ``text`` into the text field identified by ``locator``.</doc>
<status status="PASS" start="2025-09-16T01:20:39.330635" elapsed="0.082482"/>
</kw>
<kw name="Click Button" owner="SeleniumLibrary">
<msg time="2025-09-16T01:20:39.414116" level="INFO">Clicking button 'id=registerButton'.</msg>
<arg>id=registerButton</arg>
<doc>Clicks the button identified by ``locator``.</doc>
<status status="PASS" start="2025-09-16T01:20:39.414116" elapsed="0.082031"/>
</kw>
<kw name="Get Title" owner="SeleniumLibrary">
<msg time="2025-09-16T01:20:39.501531" level="INFO">${title} = Event Registration</msg>
<var>${title}</var>
<doc>Returns the title of the current page.</doc>
<status status="PASS" start="2025-09-16T01:20:39.496147" elapsed="0.005384"/>
</kw>
<kw name="Should Contain" owner="BuiltIn">
<arg>${title}</arg>
<arg>Registration</arg>
<doc>Fails if ``container`` does not contain ``item`` one or more times.</doc>
<status status="PASS" start="2025-09-16T01:20:39.501531" elapsed="0.000000"/>
</kw>
<kw name="Wait Until Element Is Visible" owner="SeleniumLibrary">
<arg>id=errors</arg>
<arg>3s</arg>
<doc>Waits until the element ``locator`` is visible.</doc>
<status status="PASS" start="2025-09-16T01:20:39.502529" elapsed="0.071981"/>
</kw>
<kw name="Element Should Contain" owner="SeleniumLibrary">
<msg time="2025-09-16T01:20:39.591207" level="INFO">Element 'id=errors' contains text 'Please enter your first name!!'.</msg>
<arg>id=errors</arg>
<arg>Please enter your first name!!</arg>
<doc>Verifies that element ``locator`` contains text ``expected``.</doc>
<status status="PASS" start="2025-09-16T01:20:39.574510" elapsed="0.016697"/>
</kw>
<status status="PASS" start="2025-09-16T01:20:37.699037" elapsed="1.892170"/>
</test>
<test id="s1-t4" name="Empty Last Name:" line="72">
<kw name="Open Chrome">
<kw name="Evaluate" owner="BuiltIn">
<msg time="2025-09-16T01:20:39.593205" level="INFO">${opts} = &lt;selenium.webdriver.chrome.options.Options object at 0x00000265951D9C50&gt;</msg>
<var>${opts}</var>
<arg>sys.modules['selenium.webdriver'].ChromeOptions()</arg>
<arg>sys</arg>
<doc>Evaluates the given expression in Python and returns the result.</doc>
<status status="PASS" start="2025-09-16T01:20:39.593205" elapsed="0.000000"/>
</kw>
<kw name="Evaluate" owner="BuiltIn">
<msg time="2025-09-16T01:20:39.594205" level="INFO">${svc} = &lt;selenium.webdriver.chrome.service.Service object at 0x00000265951DA590&gt;</msg>
<var>${svc}</var>
<arg>sys.modules["selenium.webdriver.chrome.service"].Service(executable_path=r"${CHROME_DRIVER_PATH}")</arg>
<doc>Evaluates the given expression in Python and returns the result.</doc>
<status status="PASS" start="2025-09-16T01:20:39.593205" elapsed="0.001000"/>
</kw>
<kw name="Create Webdriver" owner="SeleniumLibrary">
<msg time="2025-09-16T01:20:39.594205" level="INFO">Creating an instance of the Chrome WebDriver.</msg>
<arg>Chrome</arg>
<arg>options=${opts}</arg>
<arg>service=${svc}</arg>
<doc>Creates an instance of Selenium WebDriver.</doc>
<status status="PASS" start="2025-09-16T01:20:39.594205" elapsed="1.134947"/>
</kw>
<kw name="Set Selenium Speed" owner="SeleniumLibrary">
<arg>0</arg>
<doc>Sets the delay that is waited after each Selenium command.</doc>
<status status="PASS" start="2025-09-16T01:20:40.729152" elapsed="0.000000"/>
</kw>
<status status="PASS" start="2025-09-16T01:20:39.592206" elapsed="1.136946"/>
</kw>
<kw name="Go To" owner="SeleniumLibrary">
<msg time="2025-09-16T01:20:40.729152" level="INFO">Opening url 'http://127.0.0.1:5500/Registration.html'</msg>
<arg>${REG_URL}</arg>
<doc>Navigates the current browser window to the provided ``url``.</doc>
<status status="PASS" start="2025-09-16T01:20:40.729152" elapsed="0.087191"/>
</kw>
<kw name="Input Text" owner="SeleniumLibrary">
<msg time="2025-09-16T01:20:40.816343" level="INFO">Typing text 'Somsri' into text field 'id=firstname'.</msg>
<arg>id=firstname</arg>
<arg>${FIRST_NAME}</arg>
<doc>Types the given ``text`` into the text field identified by ``locator``.</doc>
<status status="PASS" start="2025-09-16T01:20:40.816343" elapsed="0.102296"/>
</kw>
<kw name="Input Text" owner="SeleniumLibrary">
<msg time="2025-09-16T01:20:40.918639" level="INFO">Typing text 'CS KKU' into text field 'id=organization'.</msg>
<arg>id=organization</arg>
<arg>${ORG}</arg>
<doc>Types the given ``text`` into the text field identified by ``locator``.</doc>
<status status="PASS" start="2025-09-16T01:20:40.918639" elapsed="0.121705"/>
</kw>
<kw name="Input Text" owner="SeleniumLibrary">
<msg time="2025-09-16T01:20:41.040344" level="INFO">Typing text 'somsri@kkumail.com' into text field 'id=email'.</msg>
<arg>id=email</arg>
<arg>${EMAIL}</arg>
<doc>Types the given ``text`` into the text field identified by ``locator``.</doc>
<status status="PASS" start="2025-09-16T01:20:41.040344" elapsed="0.111231"/>
</kw>
<kw name="Input Text" owner="SeleniumLibrary">
<msg time="2025-09-16T01:20:41.152577" level="INFO">Typing text '081-001-1234' into text field 'id=phone'.</msg>
<arg>id=phone</arg>
<arg>${PHONE}</arg>
<doc>Types the given ``text`` into the text field identified by ``locator``.</doc>
<status status="PASS" start="2025-09-16T01:20:41.151575" elapsed="0.072919"/>
</kw>
<kw name="Click Button" owner="SeleniumLibrary">
<msg time="2025-09-16T01:20:41.225496" level="INFO">Clicking button 'id=registerButton'.</msg>
<arg>id=registerButton</arg>
<doc>Clicks the button identified by ``locator``.</doc>
<status status="PASS" start="2025-09-16T01:20:41.224494" elapsed="0.073746"/>
</kw>
<kw name="Get Title" owner="SeleniumLibrary">
<msg time="2025-09-16T01:20:41.303279" level="INFO">${title} = Event Registration</msg>
<var>${title}</var>
<doc>Returns the title of the current page.</doc>
<status status="PASS" start="2025-09-16T01:20:41.298240" elapsed="0.005039"/>
</kw>
<kw name="Should Contain" owner="BuiltIn">
<arg>${title}</arg>
<arg>Registration</arg>
<doc>Fails if ``container`` does not contain ``item`` one or more times.</doc>
<status status="PASS" start="2025-09-16T01:20:41.303279" elapsed="0.000000"/>
</kw>
<kw name="Wait Until Element Is Visible" owner="SeleniumLibrary">
<arg>id=errors</arg>
<arg>3s</arg>
<doc>Waits until the element ``locator`` is visible.</doc>
<status status="PASS" start="2025-09-16T01:20:41.304277" elapsed="0.017556"/>
</kw>
<kw name="Element Should Contain" owner="SeleniumLibrary">
<msg time="2025-09-16T01:20:41.338364" level="INFO">Element 'id=errors' contains text 'Please enter your last name!!'.</msg>
<arg>id=errors</arg>
<arg>Please enter your last name!!</arg>
<doc>Verifies that element ``locator`` contains text ``expected``.</doc>
<status status="PASS" start="2025-09-16T01:20:41.322843" elapsed="0.015521"/>
</kw>
<status status="PASS" start="2025-09-16T01:20:39.592206" elapsed="1.747155"/>
</test>
<test id="s1-t5" name="Empty First Name and Last Name:" line="88">
<kw name="Open Chrome">
<kw name="Evaluate" owner="BuiltIn">
<msg time="2025-09-16T01:20:41.353433" level="INFO">${opts} = &lt;selenium.webdriver.chrome.options.Options object at 0x0000026595102190&gt;</msg>
<var>${opts}</var>
<arg>sys.modules['selenium.webdriver'].ChromeOptions()</arg>
<arg>sys</arg>
<doc>Evaluates the given expression in Python and returns the result.</doc>
<status status="PASS" start="2025-09-16T01:20:41.340911" elapsed="0.012522"/>
</kw>
<kw name="Evaluate" owner="BuiltIn">
<msg time="2025-09-16T01:20:41.353433" level="INFO">${svc} = &lt;selenium.webdriver.chrome.service.Service object at 0x0000026595102710&gt;</msg>
<var>${svc}</var>
<arg>sys.modules["selenium.webdriver.chrome.service"].Service(executable_path=r"${CHROME_DRIVER_PATH}")</arg>
<doc>Evaluates the given expression in Python and returns the result.</doc>
<status status="PASS" start="2025-09-16T01:20:41.353433" elapsed="0.000000"/>
</kw>
<kw name="Create Webdriver" owner="SeleniumLibrary">
<msg time="2025-09-16T01:20:41.354966" level="INFO">Creating an instance of the Chrome WebDriver.</msg>
<arg>Chrome</arg>
<arg>options=${opts}</arg>
<arg>service=${svc}</arg>
<doc>Creates an instance of Selenium WebDriver.</doc>
<status status="PASS" start="2025-09-16T01:20:41.353433" elapsed="1.118421"/>
</kw>
<kw name="Set Selenium Speed" owner="SeleniumLibrary">
<arg>0</arg>
<doc>Sets the delay that is waited after each Selenium command.</doc>
<status status="PASS" start="2025-09-16T01:20:42.471854" elapsed="0.000000"/>
</kw>
<status status="PASS" start="2025-09-16T01:20:41.340359" elapsed="1.132493"/>
</kw>
<kw name="Go To" owner="SeleniumLibrary">
<msg time="2025-09-16T01:20:42.472852" level="INFO">Opening url 'http://127.0.0.1:5500/Registration.html'</msg>
<arg>${REG_URL}</arg>
<doc>Navigates the current browser window to the provided ``url``.</doc>
<status status="PASS" start="2025-09-16T01:20:42.472852" elapsed="0.168350"/>
</kw>
<kw name="Input Text" owner="SeleniumLibrary">
<msg time="2025-09-16T01:20:42.642205" level="INFO">Typing text 'CS KKU' into text field 'id=organization'.</msg>
<arg>id=organization</arg>
<arg>${ORG}</arg>
<doc>Types the given ``text`` into the text field identified by ``locator``.</doc>
<status status="PASS" start="2025-09-16T01:20:42.641202" elapsed="0.127761"/>
</kw>
<kw name="Input Text" owner="SeleniumLibrary">
<msg time="2025-09-16T01:20:42.771492" level="INFO">Typing text 'somsri@kkumail.com' into text field 'id=email'.</msg>
<arg>id=email</arg>
<arg>${EMAIL}</arg>
<doc>Types the given ``text`` into the text field identified by ``locator``.</doc>
<status status="PASS" start="2025-09-16T01:20:42.771492" elapsed="0.156471"/>
</kw>
<kw name="Input Text" owner="SeleniumLibrary">
<msg time="2025-09-16T01:20:42.927963" level="INFO">Typing text '081-001-1234' into text field 'id=phone'.</msg>
<arg>id=phone</arg>
<arg>${PHONE}</arg>
<doc>Types the given ``text`` into the text field identified by ``locator``.</doc>
<status status="PASS" start="2025-09-16T01:20:42.927963" elapsed="0.073961"/>
</kw>
<kw name="Click Button" owner="SeleniumLibrary">
<msg time="2025-09-16T01:20:43.002411" level="INFO">Clicking button 'id=registerButton'.</msg>
<arg>id=registerButton</arg>
<doc>Clicks the button identified by ``locator``.</doc>
<status status="PASS" start="2025-09-16T01:20:43.002411" elapsed="0.071888"/>
</kw>
<kw name="Get Title" owner="SeleniumLibrary">
<msg time="2025-09-16T01:20:43.079301" level="INFO">${title} = Event Registration</msg>
<var>${title}</var>
<doc>Returns the title of the current page.</doc>
<status status="PASS" start="2025-09-16T01:20:43.074299" elapsed="0.005002"/>
</kw>
<kw name="Should Contain" owner="BuiltIn">
<arg>${title}</arg>
<arg>Registration</arg>
<doc>Fails if ``container`` does not contain ``item`` one or more times.</doc>
<status status="PASS" start="2025-09-16T01:20:43.079301" elapsed="0.000000"/>
</kw>
<kw name="Wait Until Element Is Visible" owner="SeleniumLibrary">
<arg>id=errors</arg>
<arg>3s</arg>
<doc>Waits until the element ``locator`` is visible.</doc>
<status status="PASS" start="2025-09-16T01:20:43.079301" elapsed="0.017781"/>
</kw>
<kw name="Element Should Contain" owner="SeleniumLibrary">
<msg time="2025-09-16T01:20:43.127808" level="INFO">Element 'id=errors' contains text 'Please enter your name!!'.</msg>
<arg>id=errors</arg>
<arg>Please enter your name!!</arg>
<doc>Verifies that element ``locator`` contains text ``expected``.</doc>
<status status="PASS" start="2025-09-16T01:20:43.098075" elapsed="0.029733"/>
</kw>
<status status="PASS" start="2025-09-16T01:20:41.339361" elapsed="1.788447"/>
</test>
<test id="s1-t6" name="Empty Email:" line="103">
<kw name="Open Chrome">
<kw name="Evaluate" owner="BuiltIn">
<msg time="2025-09-16T01:20:43.130326" level="INFO">${opts} = &lt;selenium.webdriver.chrome.options.Options object at 0x0000026595105510&gt;</msg>
<var>${opts}</var>
<arg>sys.modules['selenium.webdriver'].ChromeOptions()</arg>
<arg>sys</arg>
<doc>Evaluates the given expression in Python and returns the result.</doc>
<status status="PASS" start="2025-09-16T01:20:43.129317" elapsed="0.001009"/>
</kw>
<kw name="Evaluate" owner="BuiltIn">
<msg time="2025-09-16T01:20:43.131333" level="INFO">${svc} = &lt;selenium.webdriver.chrome.service.Service object at 0x00000265951DA1D0&gt;</msg>
<var>${svc}</var>
<arg>sys.modules["selenium.webdriver.chrome.service"].Service(executable_path=r"${CHROME_DRIVER_PATH}")</arg>
<doc>Evaluates the given expression in Python and returns the result.</doc>
<status status="PASS" start="2025-09-16T01:20:43.130326" elapsed="0.001007"/>
</kw>
<kw name="Create Webdriver" owner="SeleniumLibrary">
<msg time="2025-09-16T01:20:43.131333" level="INFO">Creating an instance of the Chrome WebDriver.</msg>
<arg>Chrome</arg>
<arg>options=${opts}</arg>
<arg>service=${svc}</arg>
<doc>Creates an instance of Selenium WebDriver.</doc>
<status status="PASS" start="2025-09-16T01:20:43.131333" elapsed="1.111178"/>
</kw>
<kw name="Set Selenium Speed" owner="SeleniumLibrary">
<arg>0</arg>
<doc>Sets the delay that is waited after each Selenium command.</doc>
<status status="PASS" start="2025-09-16T01:20:44.242511" elapsed="0.000999"/>
</kw>
<status status="PASS" start="2025-09-16T01:20:43.129317" elapsed="1.114193"/>
</kw>
<kw name="Go To" owner="SeleniumLibrary">
<msg time="2025-09-16T01:20:44.243510" level="INFO">Opening url 'http://127.0.0.1:5500/Registration.html'</msg>
<arg>${REG_URL}</arg>
<doc>Navigates the current browser window to the provided ``url``.</doc>
<status status="PASS" start="2025-09-16T01:20:44.243510" elapsed="0.081780"/>
</kw>
<kw name="Input Text" owner="SeleniumLibrary">
<msg time="2025-09-16T01:20:44.326289" level="INFO">Typing text 'Somsri' into text field 'id=firstname'.</msg>
<arg>id=firstname</arg>
<arg>${FIRST_NAME}</arg>
<doc>Types the given ``text`` into the text field identified by ``locator``.</doc>
<status status="PASS" start="2025-09-16T01:20:44.325290" elapsed="0.127117"/>
</kw>
<kw name="Input Text" owner="SeleniumLibrary">
<msg time="2025-09-16T01:20:44.453405" level="INFO">Typing text 'Sodsai' into text field 'id=lastname'.</msg>
<arg>id=lastname</arg>
<arg>${LAST_NAME}</arg>
<doc>Types the given ``text`` into the text field identified by ``locator``.</doc>
<status status="PASS" start="2025-09-16T01:20:44.452407" elapsed="0.124108"/>
</kw>
<kw name="Input Text" owner="SeleniumLibrary">
<msg time="2025-09-16T01:20:44.577513" level="INFO">Typing text 'CS KKU' into text field 'id=organization'.</msg>
<arg>id=organization</arg>
<arg>${ORG}</arg>
<doc>Types the given ``text`` into the text field identified by ``locator``.</doc>
<status status="PASS" start="2025-09-16T01:20:44.577513" elapsed="0.112720"/>
</kw>
<kw name="Input Text" owner="SeleniumLibrary">
<msg time="2025-09-16T01:20:44.690233" level="INFO">Typing text '081-001-1234' into text field 'id=phone'.</msg>
<arg>id=phone</arg>
<arg>${PHONE}</arg>
<doc>Types the given ``text`` into the text field identified by ``locator``.</doc>
<status status="PASS" start="2025-09-16T01:20:44.690233" elapsed="0.079009"/>
</kw>
<kw name="Click Button" owner="SeleniumLibrary">
<msg time="2025-09-16T01:20:44.769242" level="INFO">Clicking button 'id=registerButton'.</msg>
<arg>id=registerButton</arg>
<doc>Clicks the button identified by ``locator``.</doc>
<status status="PASS" start="2025-09-16T01:20:44.769242" elapsed="0.078405"/>
</kw>
<kw name="Get Title" owner="SeleniumLibrary">
<msg time="2025-09-16T01:20:44.852176" level="INFO">${title} = Event Registration</msg>
<var>${title}</var>
<doc>Returns the title of the current page.</doc>
<status status="PASS" start="2025-09-16T01:20:44.847647" elapsed="0.004529"/>
</kw>
<kw name="Should Contain" owner="BuiltIn">
<arg>${title}</arg>
<arg>Registration</arg>
<doc>Fails if ``container`` does not contain ``item`` one or more times.</doc>
<status status="PASS" start="2025-09-16T01:20:44.853178" elapsed="0.000000"/>
</kw>
<kw name="Wait Until Element Is Visible" owner="SeleniumLibrary">
<arg>id=errors</arg>
<arg>3s</arg>
<doc>Waits until the element ``locator`` is visible.</doc>
<status status="PASS" start="2025-09-16T01:20:44.853178" elapsed="0.020146"/>
</kw>
<kw name="Element Should Contain" owner="SeleniumLibrary">
<msg time="2025-09-16T01:20:44.889472" level="INFO">Element 'id=errors' contains text 'Please enter your email!!'.</msg>
<arg>id=errors</arg>
<arg>Please enter your email!!</arg>
<doc>Verifies that element ``locator`` contains text ``expected``.</doc>
<status status="PASS" start="2025-09-16T01:20:44.874323" elapsed="0.015149"/>
</kw>
<status status="PASS" start="2025-09-16T01:20:43.127808" elapsed="1.762670"/>
</test>
<test id="s1-t7" name="Empty Phone Number:" line="119">
<kw name="Open Chrome">
<kw name="Evaluate" owner="BuiltIn">
<msg time="2025-09-16T01:20:44.891483" level="INFO">${opts} = &lt;selenium.webdriver.chrome.options.Options object at 0x000002659519C990&gt;</msg>
<var>${opts}</var>
<arg>sys.modules['selenium.webdriver'].ChromeOptions()</arg>
<arg>sys</arg>
<doc>Evaluates the given expression in Python and returns the result.</doc>
<status status="PASS" start="2025-09-16T01:20:44.891483" elapsed="0.000000"/>
</kw>
<kw name="Evaluate" owner="BuiltIn">
<msg time="2025-09-16T01:20:44.892507" level="INFO">${svc} = &lt;selenium.webdriver.chrome.service.Service object at 0x00000265951C6E50&gt;</msg>
<var>${svc}</var>
<arg>sys.modules["selenium.webdriver.chrome.service"].Service(executable_path=r"${CHROME_DRIVER_PATH}")</arg>
<doc>Evaluates the given expression in Python and returns the result.</doc>
<status status="PASS" start="2025-09-16T01:20:44.891483" elapsed="0.001024"/>
</kw>
<kw name="Create Webdriver" owner="SeleniumLibrary">
<msg time="2025-09-16T01:20:44.892507" level="INFO">Creating an instance of the Chrome WebDriver.</msg>
<arg>Chrome</arg>
<arg>options=${opts}</arg>
<arg>service=${svc}</arg>
<doc>Creates an instance of Selenium WebDriver.</doc>
<status status="PASS" start="2025-09-16T01:20:44.892507" elapsed="1.133297"/>
</kw>
<kw name="Set Selenium Speed" owner="SeleniumLibrary">
<arg>0</arg>
<doc>Sets the delay that is waited after each Selenium command.</doc>
<status status="PASS" start="2025-09-16T01:20:46.025804" elapsed="0.000000"/>
</kw>
<status status="PASS" start="2025-09-16T01:20:44.891483" elapsed="1.135322"/>
</kw>
<kw name="Go To" owner="SeleniumLibrary">
<msg time="2025-09-16T01:20:46.026805" level="INFO">Opening url 'http://127.0.0.1:5500/Registration.html'</msg>
<arg>${REG_URL}</arg>
<doc>Navigates the current browser window to the provided ``url``.</doc>
<status status="PASS" start="2025-09-16T01:20:46.026805" elapsed="0.083371"/>
</kw>
<kw name="Input Text" owner="SeleniumLibrary">
<msg time="2025-09-16T01:20:46.111220" level="INFO">Typing text 'Somsri' into text field 'id=firstname'.</msg>
<arg>id=firstname</arg>
<arg>${FIRST_NAME}</arg>
<doc>Types the given ``text`` into the text field identified by ``locator``.</doc>
<status status="PASS" start="2025-09-16T01:20:46.111220" elapsed="0.123353"/>
</kw>
<kw name="Input Text" owner="SeleniumLibrary">
<msg time="2025-09-16T01:20:46.235572" level="INFO">Typing text 'Sodsai' into text field 'id=lastname'.</msg>
<arg>id=lastname</arg>
<arg>${LAST_NAME}</arg>
<doc>Types the given ``text`` into the text field identified by ``locator``.</doc>
<status status="PASS" start="2025-09-16T01:20:46.235572" elapsed="0.098580"/>
</kw>
<kw name="Input Text" owner="SeleniumLibrary">
<msg time="2025-09-16T01:20:46.335163" level="INFO">Typing text 'CS KKU' into text field 'id=organization'.</msg>
<arg>id=organization</arg>
<arg>${ORG}</arg>
<doc>Types the given ``text`` into the text field identified by ``locator``.</doc>
<status status="PASS" start="2025-09-16T01:20:46.335163" elapsed="0.144079"/>
</kw>
<kw name="Input Text" owner="SeleniumLibrary">
<msg time="2025-09-16T01:20:46.483775" level="INFO">Typing text 'somsri@kkumail.com' into text field 'id=email'.</msg>
<arg>id=email</arg>
<arg>${EMAIL}</arg>
<doc>Types the given ``text`` into the text field identified by ``locator``.</doc>
<status status="PASS" start="2025-09-16T01:20:46.483775" elapsed="0.094272"/>
</kw>
<kw name="Click Button" owner="SeleniumLibrary">
<msg time="2025-09-16T01:20:46.579048" level="INFO">Clicking button 'id=registerButton'.</msg>
<arg>id=registerButton</arg>
<doc>Clicks the button identified by ``locator``.</doc>
<status status="PASS" start="2025-09-16T01:20:46.578047" elapsed="0.092249"/>
</kw>
<kw name="Get Title" owner="SeleniumLibrary">
<msg time="2025-09-16T01:20:46.674795" level="INFO">${title} = Event Registration</msg>
<var>${title}</var>
<doc>Returns the title of the current page.</doc>
<status status="PASS" start="2025-09-16T01:20:46.670296" elapsed="0.004499"/>
</kw>
<kw name="Should Contain" owner="BuiltIn">
<arg>${title}</arg>
<arg>Registration</arg>
<doc>Fails if ``container`` does not contain ``item`` one or more times.</doc>
<status status="PASS" start="2025-09-16T01:20:46.674795" elapsed="0.000995"/>
</kw>
<kw name="Wait Until Element Is Visible" owner="SeleniumLibrary">
<arg>id=errors</arg>
<arg>3s</arg>
<doc>Waits until the element ``locator`` is visible.</doc>
<status status="PASS" start="2025-09-16T01:20:46.675790" elapsed="0.017695"/>
</kw>
<kw name="Element Should Contain" owner="SeleniumLibrary">
<msg time="2025-09-16T01:20:46.732175" level="INFO">Element 'id=errors' contains text 'Please enter your phone number!!'.</msg>
<arg>id=errors</arg>
<arg>Please enter your phone number!!</arg>
<doc>Verifies that element ``locator`` contains text ``expected``.</doc>
<status status="PASS" start="2025-09-16T01:20:46.694480" elapsed="0.037695"/>
</kw>
<status status="PASS" start="2025-09-16T01:20:44.890478" elapsed="1.841697"/>
</test>
<test id="s1-t8" name="Invalid Phone Number:" line="135">
<kw name="Open Chrome">
<kw name="Evaluate" owner="BuiltIn">
<msg time="2025-09-16T01:20:46.734174" level="INFO">${opts} = &lt;selenium.webdriver.chrome.options.Options object at 0x000002659519D950&gt;</msg>
<var>${opts}</var>
<arg>sys.modules['selenium.webdriver'].ChromeOptions()</arg>
<arg>sys</arg>
<doc>Evaluates the given expression in Python and returns the result.</doc>
<status status="PASS" start="2025-09-16T01:20:46.734174" elapsed="0.000000"/>
</kw>
<kw name="Evaluate" owner="BuiltIn">
<msg time="2025-09-16T01:20:46.735173" level="INFO">${svc} = &lt;selenium.webdriver.chrome.service.Service object at 0x00000265951C4450&gt;</msg>
<var>${svc}</var>
<arg>sys.modules["selenium.webdriver.chrome.service"].Service(executable_path=r"${CHROME_DRIVER_PATH}")</arg>
<doc>Evaluates the given expression in Python and returns the result.</doc>
<status status="PASS" start="2025-09-16T01:20:46.735173" elapsed="0.000000"/>
</kw>
<kw name="Create Webdriver" owner="SeleniumLibrary">
<msg time="2025-09-16T01:20:46.736173" level="INFO">Creating an instance of the Chrome WebDriver.</msg>
<arg>Chrome</arg>
<arg>options=${opts}</arg>
<arg>service=${svc}</arg>
<doc>Creates an instance of Selenium WebDriver.</doc>
<status status="PASS" start="2025-09-16T01:20:46.735173" elapsed="1.127984"/>
</kw>
<kw name="Set Selenium Speed" owner="SeleniumLibrary">
<arg>0</arg>
<doc>Sets the delay that is waited after each Selenium command.</doc>
<status status="PASS" start="2025-09-16T01:20:47.863157" elapsed="0.001002"/>
</kw>
<status status="PASS" start="2025-09-16T01:20:46.734174" elapsed="1.129985"/>
</kw>
<kw name="Go To" owner="SeleniumLibrary">
<msg time="2025-09-16T01:20:47.864159" level="INFO">Opening url 'http://127.0.0.1:5500/Registration.html'</msg>
<arg>${REG_URL}</arg>
<doc>Navigates the current browser window to the provided ``url``.</doc>
<status status="PASS" start="2025-09-16T01:20:47.864159" elapsed="0.115220"/>
</kw>
<kw name="Input Text" owner="SeleniumLibrary">
<msg time="2025-09-16T01:20:47.980379" level="INFO">Typing text 'Somsri' into text field 'id=firstname'.</msg>
<arg>id=firstname</arg>
<arg>${FIRST_NAME}</arg>
<doc>Types the given ``text`` into the text field identified by ``locator``.</doc>
<status status="PASS" start="2025-09-16T01:20:47.980379" elapsed="0.104202"/>
</kw>
<kw name="Input Text" owner="SeleniumLibrary">
<msg time="2025-09-16T01:20:48.085582" level="INFO">Typing text 'Sodsai' into text field 'id=lastname'.</msg>
<arg>id=lastname</arg>
<arg>${LAST_NAME}</arg>
<doc>Types the given ``text`` into the text field identified by ``locator``.</doc>
<status status="PASS" start="2025-09-16T01:20:48.084581" elapsed="0.132720"/>
</kw>
<kw name="Input Text" owner="SeleniumLibrary">
<msg time="2025-09-16T01:20:48.219315" level="INFO">Typing text 'CS KKU' into text field 'id=organization'.</msg>
<arg>id=organization</arg>
<arg>${ORG}</arg>
<doc>Types the given ``text`` into the text field identified by ``locator``.</doc>
<status status="PASS" start="2025-09-16T01:20:48.218305" elapsed="0.115202"/>
</kw>
<kw name="Input Text" owner="SeleniumLibrary">
<msg time="2025-09-16T01:20:48.334507" level="INFO">Typing text 'somsri@kkumail.com' into text field 'id=email'.</msg>
<arg>id=email</arg>
<arg>${EMAIL}</arg>
<doc>Types the given ``text`` into the text field identified by ``locator``.</doc>
<status status="PASS" start="2025-09-16T01:20:48.333507" elapsed="0.091892"/>
</kw>
<kw name="Input Text" owner="SeleniumLibrary">
<msg time="2025-09-16T01:20:48.426400" level="INFO">Typing text '1234' into text field 'id=phone'.</msg>
<arg>id=phone</arg>
<arg>1234</arg>
<doc>Types the given ``text`` into the text field identified by ``locator``.</doc>
<status status="PASS" start="2025-09-16T01:20:48.425399" elapsed="0.071741"/>
</kw>
<kw name="Click Button" owner="SeleniumLibrary">
<msg time="2025-09-16T01:20:48.497140" level="INFO">Clicking button 'id=registerButton'.</msg>
<arg>id=registerButton</arg>
<doc>Clicks the button identified by ``locator``.</doc>
<status status="PASS" start="2025-09-16T01:20:48.497140" elapsed="0.069640"/>
</kw>
<kw name="Get Title" owner="SeleniumLibrary">
<msg time="2025-09-16T01:20:48.572309" level="INFO">${title} = Event Registration</msg>
<var>${title}</var>
<doc>Returns the title of the current page.</doc>
<status status="PASS" start="2025-09-16T01:20:48.566780" elapsed="0.005529"/>
</kw>
<kw name="Should Contain" owner="BuiltIn">
<arg>${title}</arg>
<arg>Registration</arg>
<doc>Fails if ``container`` does not contain ``item`` one or more times.</doc>
<status status="PASS" start="2025-09-16T01:20:48.572309" elapsed="0.000999"/>
</kw>
<kw name="Wait Until Element Is Visible" owner="SeleniumLibrary">
<arg>id=errors</arg>
<arg>3s</arg>
<doc>Waits until the element ``locator`` is visible.</doc>
<status status="PASS" start="2025-09-16T01:20:48.573308" elapsed="0.017253"/>
</kw>
<kw name="Element Should Contain" owner="SeleniumLibrary">
<msg time="2025-09-16T01:20:48.727319" level="INFO" html="true">&lt;/td&gt;&lt;/tr&gt;&lt;tr&gt;&lt;td colspan="3"&gt;&lt;a href="selenium-screenshot-2.png"&gt;&lt;img src="selenium-screenshot-2.png" width="800px"&gt;&lt;/a&gt;</msg>
<msg time="2025-09-16T01:20:48.727319" level="FAIL">Element 'id=errors' should have contained text 'Please enter a valid phone number, e.g., 081-234-5678, 081 234 5678, or 081.234.5678)' but its text was 'Please enter a valid phone number!!'.</msg>
<arg>id=errors</arg>
<arg>Please enter a valid phone number, e.g., 081-234-5678, 081 234 5678, or 081.234.5678)</arg>
<doc>Verifies that element ``locator`` contains text ``expected``.</doc>
<status status="FAIL" start="2025-09-16T01:20:48.590561" elapsed="0.153989">Element 'id=errors' should have contained text 'Please enter a valid phone number, e.g., 081-234-5678, 081 234 5678, or 081.234.5678)' but its text was 'Please enter a valid phone number!!'.</status>
</kw>
<status status="FAIL" start="2025-09-16T01:20:46.733173" elapsed="2.012375">Element 'id=errors' should have contained text 'Please enter a valid phone number, e.g., 081-234-5678, 081 234 5678, or 081.234.5678)' but its text was 'Please enter a valid phone number!!'.</status>
</test>
<status status="FAIL" start="2025-09-16T01:20:33.855298" elapsed="14.890250"/>
</suite>
<statistics>
<total>
<stat pass="7" fail="1" skip="0">All Tests</stat>
</total>
<tag>
</tag>
<suite>
<stat name="Lab10Test" id="s1" pass="7" fail="1" skip="0">Lab10Test</stat>
</suite>
</statistics>
<errors>
</errors>
</robot>
